<?xml version="1.0" encoding="UTF-8"?>
<!-- Generated by org.testng.reporters.JUnitXMLReporter -->
<testsuite ignored="0" hostname="DESKTOP-590K7LO" failures="0" tests="7" name="Default test" time="0.071" errors="0" timestamp="2022-06-30T17:13:47 IST">
  <testcase classname="basicTest.DataproviderExample" name="login" time="0.005"/>
  <testcase classname="basicTest.DataproviderExample" name="login" time="0.001"/>
  <testcase classname="basicTest.DataproviderExample" name="login" time="0.001"/>
  <testcase classname="basicTest.DataproviderExample" name="login" time="0.002"/>
  <testcase classname="basicTest.DataproviderExample" name="login" time="0.001"/>
  <testcase classname="basicTest.DataproviderExample" name="login" time="0.0"/>
  <testcase classname="basicTest.DataproviderExample" name="login" time="0.001"/>
</testsuite> <!-- Default test -->
