<?xml version="1.0" encoding="UTF-8"?>
<!-- Generated by org.testng.reporters.JUnitXMLReporter -->
<testsuite ignored="0" hostname="DESKTOP-590K7LO" failures="0" tests="7" name="Test" time="0.053" errors="0" timestamp="2022-06-30T17:28:02 IST">
  <testcase classname="basicTest.ParameterizationExample" name="blankUsernameBlankPassword" time="0.007"/>
  <testcase classname="basicTest.ParameterizationExample" name="blankUsernameValidPassword" time="0.001"/>
  <testcase classname="basicTest.ParameterizationExample" name="invalidUsernameInvalidPassword" time="0.001"/>
  <testcase classname="basicTest.ParameterizationExample" name="invalidUsernameValidPassword" time="0.001"/>
  <testcase classname="basicTest.ParameterizationExample" name="validUsernameBlankPassword" time="0.002"/>
  <testcase classname="basicTest.ParameterizationExample" name="validUsernameInvalidPassword" time="0.0"/>
  <testcase classname="basicTest.ParameterizationExample" name="validUsernameValidPassword" time="0.0"/>
</testsuite> <!-- Test -->
