<?xml version="1.0" encoding="UTF-8"?>
<!-- Generated by org.testng.reporters.JUnitXMLReporter -->
<testsuite ignored="3" hostname="DESKTOP-590K7LO" failures="0" tests="2" name="Regression Test" time="0.051" errors="0" timestamp="2022-06-30T17:08:13 IST">
  <testcase classname="basicTest.GroupsExample" name="tc2" time="0.009"/>
  <testcase classname="basicTest.GroupsExample" name="tc4" time="0.001"/>
  <testcase classname="basicTest.GroupsExample" name="tc1" time="0.0">
    <ignored/>
  </testcase> <!-- tc1 -->
  <testcase classname="basicTest.GroupsExample" name="tc3" time="0.0">
    <ignored/>
  </testcase> <!-- tc3 -->
  <testcase classname="basicTest.GroupsExample" name="tc5" time="0.0">
    <ignored/>
  </testcase> <!-- tc5 -->
</testsuite> <!-- Regression Test -->
