<?xml version="1.0" encoding="UTF-8"?>
<testng-results ignored="0" total="3" passed="3" failed="0" skipped="0">
  <reporter-output>
  </reporter-output>
  <suite started-at="2022-06-30T17:33:48 IST" name="Suite" finished-at="2022-06-30T17:33:49 IST" duration-ms="56">
    <groups>
    </groups>
    <test started-at="2022-06-30T17:33:48 IST" name="Microsoft Edge Test" finished-at="2022-06-30T17:33:49 IST" duration-ms="56">
      <class name="basicTest.ParallelExample">
        <test-method signature="testCase(java.lang.String)[pri:0, instance:basicTest.ParallelExample@74751b3]" started-at="2022-06-30T17:33:49 IST" name="testCase" finished-at="2022-06-30T17:33:49 IST" duration-ms="10" status="PASS">
          <params>
            <param index="0">
              <value>
                <![CDATA[edge]]>
              </value>
            </param>
          </params>
          <reporter-output>
          </reporter-output>
        </test-method> <!-- testCase -->
      </class> <!-- basicTest.ParallelExample -->
    </test> <!-- Microsoft Edge Test -->
    <test started-at="2022-06-30T17:33:48 IST" name="Chrome Test" finished-at="2022-06-30T17:33:49 IST" duration-ms="56">
      <class name="basicTest.ParallelExample">
        <test-method signature="testCase(java.lang.String)[pri:0, instance:basicTest.ParallelExample@212b5695]" started-at="2022-06-30T17:33:49 IST" name="testCase" finished-at="2022-06-30T17:33:49 IST" duration-ms="10" status="PASS">
          <params>
            <param index="0">
              <value>
                <![CDATA[chrome]]>
              </value>
            </param>
          </params>
          <reporter-output>
          </reporter-output>
        </test-method> <!-- testCase -->
      </class> <!-- basicTest.ParallelExample -->
    </test> <!-- Chrome Test -->
    <test started-at="2022-06-30T17:33:48 IST" name="Firefox Test" finished-at="2022-06-30T17:33:49 IST" duration-ms="56">
      <class name="basicTest.ParallelExample">
        <test-method signature="testCase(java.lang.String)[pri:0, instance:basicTest.ParallelExample@2c35e847]" started-at="2022-06-30T17:33:49 IST" name="testCase" finished-at="2022-06-30T17:33:49 IST" duration-ms="10" status="PASS">
          <params>
            <param index="0">
              <value>
                <![CDATA[firefox]]>
              </value>
            </param>
          </params>
          <reporter-output>
          </reporter-output>
        </test-method> <!-- testCase -->
      </class> <!-- basicTest.ParallelExample -->
    </test> <!-- Firefox Test -->
  </suite> <!-- Suite -->
</testng-results>
